Flow report for lcd_controller
Fri Jan 06 20:40:04 2023
Quartus II 64-Bit Version 13.0.1 Build 232 06/12/2013 Service Pack 1 SJ Web Edition


---------------------
; Table of Contents ;
---------------------
  1. Legal Notice
  2. Flow Summary
  3. Flow Settings
  4. Flow Non-Default Global Settings
  5. Flow Elapsed Time
  6. Flow OS Summary
  7. Flow Log
  8. Flow Messages
  9. Flow Suppressed Messages



----------------
; Legal Notice ;
----------------
Copyright (C) 1991-2013 Altera Corporation
Your use of Altera Corporation's design tools, logic functions 
and other software and tools, and its AMPP partner logic 
functions, and any output files from any of the foregoing 
(including device programming or simulation files), and any 
associated documentation or information are expressly subject 
to the terms and conditions of the Altera Program License 
Subscription Agreement, Altera MegaCore Function License 
Agreement, or other applicable license agreement, including, 
without limitation, that your use is for the sole purpose of 
programming logic devices manufactured by Altera and sold by 
Altera or its authorized distributors.  Please refer to the 
applicable agreement for further details.



+--------------------------------------------------------------------------------------+
; Flow Summary                                                                         ;
+------------------------------------+-------------------------------------------------+
; Flow Status                        ; Successful - Fri Jan 06 20:40:02 2023           ;
; Quartus II 64-Bit Version          ; 13.0.1 Build 232 06/12/2013 SP 1 SJ Web Edition ;
; Revision Name                      ; lcd_controller                                  ;
; Top-level Entity Name              ; lcd_test                                        ;
; Family                             ; Cyclone II                                      ;
; Device                             ; EP2C35F672C6                                    ;
; Timing Models                      ; Final                                           ;
; Total logic elements               ; 419 / 33,216 ( 1 % )                            ;
;     Total combinational functions  ; 419 / 33,216 ( 1 % )                            ;
;     Dedicated logic registers      ; 170 / 33,216 ( < 1 % )                          ;
; Total registers                    ; 170                                             ;
; Total pins                         ; 46 / 475 ( 10 % )                               ;
; Total virtual pins                 ; 0                                               ;
; Total memory bits                  ; 0 / 483,840 ( 0 % )                             ;
; Embedded Multiplier 9-bit elements ; 0 / 70 ( 0 % )                                  ;
; Total PLLs                         ; 0 / 4 ( 0 % )                                   ;
+------------------------------------+-------------------------------------------------+


+-----------------------------------------+
; Flow Settings                           ;
+-------------------+---------------------+
; Option            ; Setting             ;
+-------------------+---------------------+
; Start date & time ; 01/06/2023 20:39:53 ;
; Main task         ; Compilation         ;
; Revision Name     ; lcd_controller      ;
+-------------------+---------------------+


+-------------------------------------------------------------------------------------------------------------------------+
; Flow Non-Default Global Settings                                                                                        ;
+-------------------------------------+---------------------------------------+----------------+-------------+------------+
; Assignment Name                     ; Value                                 ; Default Value  ; Entity Name ; Section Id ;
+-------------------------------------+---------------------------------------+----------------+-------------+------------+
; COMPILER_SIGNATURE_ID               ; 186427009942.167302679302524          ; --             ; --          ; --         ;
; FITTER_EFFORT                       ; Fast Fit                              ; Auto Fit       ; --          ; --         ;
; MAX_CORE_JUNCTION_TEMP              ; 85                                    ; --             ; --          ; --         ;
; MIN_CORE_JUNCTION_TEMP              ; 0                                     ; --             ; --          ; --         ;
; PARTITION_COLOR                     ; 16764057                              ; --             ; lcd_test    ; Top        ;
; PARTITION_FITTER_PRESERVATION_LEVEL ; PLACEMENT_AND_ROUTING                 ; --             ; lcd_test    ; Top        ;
; PARTITION_NETLIST_TYPE              ; SOURCE                                ; --             ; lcd_test    ; Top        ;
; POWER_BOARD_THERMAL_MODEL           ; None (CONSERVATIVE)                   ; --             ; --          ; --         ;
; POWER_PRESET_COOLING_SOLUTION       ; 23 MM HEAT SINK WITH 200 LFPM AIRFLOW ; --             ; --          ; --         ;
; PROJECT_OUTPUT_DIRECTORY            ; output_files                          ; --             ; --          ; --         ;
; TOP_LEVEL_ENTITY                    ; lcd_test                              ; lcd_controller ; --          ; --         ;
; VHDL_INPUT_VERSION                  ; VHDL_2008                             ; VHDL_1993      ; --          ; --         ;
; VHDL_SHOW_LMF_MAPPING_MESSAGES      ; Off                                   ; --             ; --          ; --         ;
+-------------------------------------+---------------------------------------+----------------+-------------+------------+


+-------------------------------------------------------------------------------------------------------------------------------+
; Flow Elapsed Time                                                                                                             ;
+---------------------------+--------------+-------------------------+---------------------+------------------------------------+
; Module Name               ; Elapsed Time ; Average Processors Used ; Peak Virtual Memory ; Total CPU Time (on all processors) ;
+---------------------------+--------------+-------------------------+---------------------+------------------------------------+
; Analysis & Synthesis      ; 00:00:03     ; 1.0                     ; 4627 MB             ; 00:00:02                           ;
; Fitter                    ; 00:00:04     ; 1.0                     ; 4884 MB             ; 00:00:04                           ;
; Assembler                 ; 00:00:01     ; 1.0                     ; 4564 MB             ; 00:00:02                           ;
; TimeQuest Timing Analyzer ; 00:00:01     ; 1.0                     ; 4546 MB             ; 00:00:01                           ;
; Total                     ; 00:00:09     ; --                      ; --                  ; 00:00:09                           ;
+---------------------------+--------------+-------------------------+---------------------+------------------------------------+


+----------------------------------------------------------------------------------------+
; Flow OS Summary                                                                        ;
+---------------------------+------------------+-----------+------------+----------------+
; Module Name               ; Machine Hostname ; OS Name   ; OS Version ; Processor type ;
+---------------------------+------------------+-----------+------------+----------------+
; Analysis & Synthesis      ; LAPTOP-PQ1ON134  ; Windows 7 ; 6.2        ; x86_64         ;
; Fitter                    ; LAPTOP-PQ1ON134  ; Windows 7 ; 6.2        ; x86_64         ;
; Assembler                 ; LAPTOP-PQ1ON134  ; Windows 7 ; 6.2        ; x86_64         ;
; TimeQuest Timing Analyzer ; LAPTOP-PQ1ON134  ; Windows 7 ; 6.2        ; x86_64         ;
+---------------------------+------------------+-----------+------------+----------------+


------------
; Flow Log ;
------------
quartus_map --read_settings_files=on --write_settings_files=off lcd_controller -c lcd_controller
quartus_fit --read_settings_files=off --write_settings_files=off lcd_controller -c lcd_controller
quartus_asm --read_settings_files=off --write_settings_files=off lcd_controller -c lcd_controller
quartus_sta lcd_controller -c lcd_controller



